<?xml version="1.0" encoding="UTF-8"?>
<testng-results ignored="0" total="1" passed="1" failed="0" skipped="0">
  <reporter-output>
  </reporter-output>
  <suite started-at="2021-11-08T16:31:58 IST" name="Default suite" finished-at="2021-11-08T16:31:58 IST" duration-ms="66">
    <groups>
    </groups>
    <test started-at="2021-11-08T16:31:58 IST" name="Default test" finished-at="2021-11-08T16:31:58 IST" duration-ms="66">
      <class name="com.testng.MyTests">
        <test-method is-config="true" signature="beforeMethod()[pri:0, instance:com.testng.MyTests@1677d1]" started-at="2021-11-08T16:31:58 IST" name="beforeMethod" finished-at="2021-11-08T16:31:58 IST" duration-ms="5" status="PASS">
          <reporter-output>
          </reporter-output>
        </test-method> <!-- beforeMethod -->
        <test-method signature="test()[pri:0, instance:com.testng.MyTests@1677d1]" started-at="2021-11-08T16:31:58 IST" name="test" finished-at="2021-11-08T16:31:58 IST" duration-ms="5" status="PASS">
          <reporter-output>
          </reporter-output>
        </test-method> <!-- test -->
        <test-method is-config="true" signature="afterMethod()[pri:0, instance:com.testng.MyTests@1677d1]" started-at="2021-11-08T16:31:58 IST" name="afterMethod" finished-at="2021-11-08T16:31:58 IST" duration-ms="0" status="PASS">
          <reporter-output>
          </reporter-output>
        </test-method> <!-- afterMethod -->
      </class> <!-- com.testng.MyTests -->
    </test> <!-- Default test -->
  </suite> <!-- Default suite -->
</testng-results>
